<?xml version="1.0" encoding="UTF-8"?>
<!-- Generated by org.testng.reporters.JUnitReportReporter -->
<testsuite skipped="0" hostname="pace-OptiPlex-360" name="Academy.HomePage" tests="1" failures="0" timestamp="17 Aug 2017 04:53:59 GMT" time="12.050" errors="0">
  <testcase name="basePagenavigation" time="12.050" classname="Academy.HomePage"/>
</testsuite> <!-- Academy.HomePage -->
