<?xml version="1.0" encoding="UTF-8"?>
<!-- Generated by org.testng.reporters.JUnitReportReporter -->
<testsuite skipped="0" hostname="pace-OptiPlex-360" name="Academy.AppTest" tests="1" failures="0" timestamp="17 Aug 2017 09:21:31 GMT" time="0.001" errors="0">
  <testcase name="testApp" time="0.001" classname="Academy.AppTest"/>
</testsuite> <!-- Academy.AppTest -->
