<?xml version="1.0" encoding="UTF-8"?>
<!-- Generated by org.testng.reporters.JUnitReportReporter -->
<testsuite skipped="1" hostname="pace-OptiPlex-360" name="Academy.HomePage" tests="3" failures="0" timestamp="17 Aug 2017 11:08:58 GMT" time="20.026" errors="0">
  <testcase name="clickLoginbtn" time="12.434" classname="Academy.HomePage"/>
  <testcase name="loginElements" time="7.592" classname="Academy.HomePage"/>
  <testcase name="invaliddata" classname="Academy.HomePage">
    <skipped/>
  </testcase> <!-- invaliddata -->
</testsuite> <!-- Academy.HomePage -->
